Operating system: Microsoft Windows NT 6.2.9200.0
Opening INI file "C:\Users\Sora\Desktop\rom hacking stuf\projects\sonic sunventure\SonPLN.ini"...
Game type is S1.
Loading Title Screen...
Loading plane mappings from file "tilemaps/Title Screen.bin", using compression Enigma...
Loading palette file "palette/Title Screen.bin"...
Source: 0 Destination: 0 Length: 16
Loading dummy tile data.
Loading 8x8 tiles from file "artnem/Title Screen Foreground.bin", using compression Nemesis...
Load completed.
Loading Hidden Japanese Credits...
Loading palette file "palette/Sega2.bin"...
Source: 16 Destination: 0 Length: 8
Loading plane mappings from file "tilemaps/Hidden Japanese Credits.bin", using compression Enigma...
Loading 8x8 tiles from file "artnem/Hidden Japanese Credits.bin", using compression Nemesis...
Load completed.
Opening INI file "C:\Users\Sora\Desktop\rom hacking stuf\projects\sonic sunventure\SonPLN.ini"...
Game type is S1.
Opening INI file "C:\Users\Sora\Desktop\rom hacking stuf\projects\sonic sunventure\SonPLN.ini"...
Game type is S1.
Opening INI file "C:\Users\Sora\Desktop\rom hacking stuf\projects\sonic sunventure\SonPLN.ini"...
Game type is S1.
Loading Options Background...
Loading palette file "palette/Options.bin"...
Source: 48 Destination: 0 Length: 64
Loading dummy tile data.
Loading 8x8 tiles from file "artunc/Sonic and Miles text.bin", using compression Uncompressed...
Loading plane mappings from file "tilemaps/menubgeni.bin", using compression Enigma...
Load completed.
Loading Options Background...
Loading palette file "palette/Options.bin"...
Source: 48 Destination: 0 Length: 64
Loading dummy tile data.
Loading plane mappings from file "tilemaps/menubgeni.bin", using compression Enigma...
Loading 8x8 tiles from file "artunc/Sonic and Miles text.bin", using compression Uncompressed...
Load completed.
Loading Options Background...
Loading palette file "palette/Options.bin"...
Source: 48 Destination: 0 Length: 64
Loading plane mappings from file "tilemaps/menubgeni.bin", using compression Enigma...
Loading dummy tile data.
Loading 8x8 tiles from file "artunc/Sonic and Miles text.bin", using compression Uncompressed...
Load completed.
Opening INI file "C:\Users\Sora\Desktop\rom hacking stuf\projects\sonic sunventure\SonPLN.ini"...
Game type is S1.
Loading Options Background...
Loading palette file "../palette/Options.bin"...
Source: 0 Destination: 16 Length: 48
Loading plane mappings from file "tilemaps/menubgeni.bin", using compression Enigma...
Loading dummy tile data.
Loading 8x8 tiles from file "artunc/Sonic and Miles text.bin", using compression Uncompressed...
System.AggregateException: One or more errors occurred. ---> System.IO.FileNotFoundException: Palette file could not be loaded! Have you set up your disassembly properly?
   at SonicRetro.SonLVL.SonPLN.MainForm.LoadLevelPalette() in D:\Programs\SonLVL\SonPLN\MainForm.cs:line 442
   at System.Threading.Tasks.Task.InnerInvoke()
   at System.Threading.Tasks.Task.Execute()
   --- End of inner exception stack trace ---
   at System.Threading.Tasks.Task.FastWaitAll(Task[] tasks)
   at System.Threading.Tasks.Parallel.Invoke(ParallelOptions parallelOptions, Action[] actions)
   at System.Threading.Tasks.Parallel.Invoke(Action[] actions)
   at SonicRetro.SonLVL.SonPLN.MainForm.backgroundLevelLoader_DoWork(Object sender, DoWorkEventArgs e) in D:\Programs\SonLVL\SonPLN\MainForm.cs:line 323
---> (Inner Exception #0) System.IO.FileNotFoundException: Palette file could not be loaded! Have you set up your disassembly properly?
File name: '../palette/Options.bin'
   at SonicRetro.SonLVL.SonPLN.MainForm.LoadLevelPalette() in D:\Programs\SonLVL\SonPLN\MainForm.cs:line 442
   at System.Threading.Tasks.Task.InnerInvoke()
   at System.Threading.Tasks.Task.Execute()<---

Loading Options Background...
Loading palette file "../palette/Options.bin"...
Source: 0 Destination: 16 Length: 48
Loading dummy tile data.
Loading 8x8 tiles from file "artunc/Sonic and Miles text.bin", using compression Uncompressed...
Loading plane mappings from file "tilemaps/menubgeni.bin", using compression Enigma...
System.AggregateException: One or more errors occurred. ---> System.IO.FileNotFoundException: Palette file could not be loaded! Have you set up your disassembly properly?
   at SonicRetro.SonLVL.SonPLN.MainForm.LoadLevelPalette() in D:\Programs\SonLVL\SonPLN\MainForm.cs:line 442
   at System.Threading.Tasks.Task.InnerInvoke()
   at System.Threading.Tasks.Task.Execute()
   --- End of inner exception stack trace ---
   at System.Threading.Tasks.Task.FastWaitAll(Task[] tasks)
   at System.Threading.Tasks.Parallel.Invoke(ParallelOptions parallelOptions, Action[] actions)
   at System.Threading.Tasks.Parallel.Invoke(Action[] actions)
   at SonicRetro.SonLVL.SonPLN.MainForm.backgroundLevelLoader_DoWork(Object sender, DoWorkEventArgs e) in D:\Programs\SonLVL\SonPLN\MainForm.cs:line 323
---> (Inner Exception #0) System.IO.FileNotFoundException: Palette file could not be loaded! Have you set up your disassembly properly?
File name: '../palette/Options.bin'
   at SonicRetro.SonLVL.SonPLN.MainForm.LoadLevelPalette() in D:\Programs\SonLVL\SonPLN\MainForm.cs:line 442
   at System.Threading.Tasks.Task.InnerInvoke()
   at System.Threading.Tasks.Task.Execute()<---

Opening INI file "C:\Users\Sora\Desktop\rom hacking stuf\projects\sonic sunventure\SonPLN.ini"...
Game type is S1.
Loading Options Background...
Loading palette file "palette/Options.bin"...
Source: 0 Destination: 16 Length: 48
Loading dummy tile data.
Loading 8x8 tiles from file "artunc/Sonic and Miles text.bin", using compression Uncompressed...
Loading plane mappings from file "tilemaps/menubgeni.bin", using compression Enigma...
Load completed.
Opening INI file "C:\Users\Sora\Desktop\rom hacking stuf\projects\sonic sunventure\SonPLN.ini"...
Game type is S1.
Loading Options Background...
Loading palette file "../palette/Sonic.bin"...
Source: 0 Destination: 0 Length: 16
Loading dummy tile data.
Loading 8x8 tiles from file "artunc/Sonic and Miles text.bin", using compression Uncompressed...
Loading plane mappings from file "tilemaps/menubgeni.bin", using compression Enigma...
System.AggregateException: One or more errors occurred. ---> System.IO.FileNotFoundException: Palette file could not be loaded! Have you set up your disassembly properly?
   at SonicRetro.SonLVL.SonPLN.MainForm.LoadLevelPalette() in D:\Programs\SonLVL\SonPLN\MainForm.cs:line 442
   at System.Threading.Tasks.Task.InnerInvoke()
   at System.Threading.Tasks.Task.Execute()
   --- End of inner exception stack trace ---
   at System.Threading.Tasks.Task.FastWaitAll(Task[] tasks)
   at System.Threading.Tasks.Parallel.Invoke(ParallelOptions parallelOptions, Action[] actions)
   at System.Threading.Tasks.Parallel.Invoke(Action[] actions)
   at SonicRetro.SonLVL.SonPLN.MainForm.backgroundLevelLoader_DoWork(Object sender, DoWorkEventArgs e) in D:\Programs\SonLVL\SonPLN\MainForm.cs:line 323
---> (Inner Exception #0) System.IO.FileNotFoundException: Palette file could not be loaded! Have you set up your disassembly properly?
File name: '../palette/Sonic.bin'
   at SonicRetro.SonLVL.SonPLN.MainForm.LoadLevelPalette() in D:\Programs\SonLVL\SonPLN\MainForm.cs:line 442
   at System.Threading.Tasks.Task.InnerInvoke()
   at System.Threading.Tasks.Task.Execute()<---

Opening INI file "C:\Users\Sora\Desktop\rom hacking stuf\projects\sonic sunventure\SonPLN.ini"...
Game type is S1.
Loading Options Background...
Loading palette file "palette/Sonic.bin"...
Source: 0 Destination: 0 Length: 16
Loading dummy tile data.
Loading plane mappings from file "tilemaps/menubgeni.bin", using compression Enigma...
Loading 8x8 tiles from file "artunc/Sonic and Miles text.bin", using compression Uncompressed...
Loading palette file "../palette/Options.bin"...
Source: 0 Destination: 16 Length: 48
System.AggregateException: One or more errors occurred. ---> System.IO.FileNotFoundException: Palette file could not be loaded! Have you set up your disassembly properly?
   at SonicRetro.SonLVL.SonPLN.MainForm.LoadLevelPalette() in D:\Programs\SonLVL\SonPLN\MainForm.cs:line 442
   at System.Threading.Tasks.Task.InnerInvoke()
   at System.Threading.Tasks.Task.Execute()
   --- End of inner exception stack trace ---
   at System.Threading.Tasks.Task.FastWaitAll(Task[] tasks)
   at System.Threading.Tasks.Parallel.Invoke(ParallelOptions parallelOptions, Action[] actions)
   at System.Threading.Tasks.Parallel.Invoke(Action[] actions)
   at SonicRetro.SonLVL.SonPLN.MainForm.backgroundLevelLoader_DoWork(Object sender, DoWorkEventArgs e) in D:\Programs\SonLVL\SonPLN\MainForm.cs:line 323
---> (Inner Exception #0) System.IO.FileNotFoundException: Palette file could not be loaded! Have you set up your disassembly properly?
File name: '../palette/Options.bin'
   at SonicRetro.SonLVL.SonPLN.MainForm.LoadLevelPalette() in D:\Programs\SonLVL\SonPLN\MainForm.cs:line 442
   at System.Threading.Tasks.Task.InnerInvoke()
   at System.Threading.Tasks.Task.Execute()<---

Opening INI file "C:\Users\Sora\Desktop\rom hacking stuf\projects\sonic sunventure\SonPLN.ini"...
Game type is S1.
Loading Options Background...
Loading palette file "/palette/Sonic.bin"...
Source: 0 Destination: 0 Length: 16
Loading dummy tile data.
Loading plane mappings from file "tilemaps/menubgeni.bin", using compression Enigma...
Loading 8x8 tiles from file "artunc/Sonic and Miles text.bin", using compression Uncompressed...
System.AggregateException: One or more errors occurred. ---> System.IO.FileNotFoundException: Palette file could not be loaded! Have you set up your disassembly properly?
   at SonicRetro.SonLVL.SonPLN.MainForm.LoadLevelPalette() in D:\Programs\SonLVL\SonPLN\MainForm.cs:line 442
   at System.Threading.Tasks.Task.InnerInvoke()
   at System.Threading.Tasks.Task.Execute()
   --- End of inner exception stack trace ---
   at System.Threading.Tasks.Task.FastWaitAll(Task[] tasks)
   at System.Threading.Tasks.Parallel.Invoke(ParallelOptions parallelOptions, Action[] actions)
   at System.Threading.Tasks.Parallel.Invoke(Action[] actions)
   at SonicRetro.SonLVL.SonPLN.MainForm.backgroundLevelLoader_DoWork(Object sender, DoWorkEventArgs e) in D:\Programs\SonLVL\SonPLN\MainForm.cs:line 323
---> (Inner Exception #0) System.IO.FileNotFoundException: Palette file could not be loaded! Have you set up your disassembly properly?
File name: '/palette/Sonic.bin'
   at SonicRetro.SonLVL.SonPLN.MainForm.LoadLevelPalette() in D:\Programs\SonLVL\SonPLN\MainForm.cs:line 442
   at System.Threading.Tasks.Task.InnerInvoke()
   at System.Threading.Tasks.Task.Execute()<---

Opening INI file "C:\Users\Sora\Desktop\rom hacking stuf\projects\sonic sunventure\SonPLN.ini"...
Game type is S1.
Loading Options Background...
Loading palette file "../palette/Sonic.bin"...
Source: 0 Destination: 0 Length: 16
Loading dummy tile data.
Loading plane mappings from file "tilemaps/menubgeni.bin", using compression Enigma...
Loading 8x8 tiles from file "artunc/Sonic and Miles text.bin", using compression Uncompressed...
System.AggregateException: One or more errors occurred. ---> System.IO.FileNotFoundException: Palette file could not be loaded! Have you set up your disassembly properly?
   at SonicRetro.SonLVL.SonPLN.MainForm.LoadLevelPalette() in D:\Programs\SonLVL\SonPLN\MainForm.cs:line 442
   at System.Threading.Tasks.Task.InnerInvoke()
   at System.Threading.Tasks.Task.Execute()
   --- End of inner exception stack trace ---
   at System.Threading.Tasks.Task.FastWaitAll(Task[] tasks)
   at System.Threading.Tasks.Parallel.Invoke(ParallelOptions parallelOptions, Action[] actions)
   at System.Threading.Tasks.Parallel.Invoke(Action[] actions)
   at SonicRetro.SonLVL.SonPLN.MainForm.backgroundLevelLoader_DoWork(Object sender, DoWorkEventArgs e) in D:\Programs\SonLVL\SonPLN\MainForm.cs:line 323
---> (Inner Exception #0) System.IO.FileNotFoundException: Palette file could not be loaded! Have you set up your disassembly properly?
File name: '../palette/Sonic.bin'
   at SonicRetro.SonLVL.SonPLN.MainForm.LoadLevelPalette() in D:\Programs\SonLVL\SonPLN\MainForm.cs:line 442
   at System.Threading.Tasks.Task.InnerInvoke()
   at System.Threading.Tasks.Task.Execute()<---

Loading Hidden Japanese Credits...
Loading palette file "palette/Sega2.bin"...
Source: 16 Destination: 0 Length: 8
Loading 8x8 tiles from file "artnem/Hidden Japanese Credits.bin", using compression Nemesis...
Loading plane mappings from file "tilemaps/Hidden Japanese Credits.bin", using compression Enigma...
Load completed.
Opening INI file "C:\Users\Sora\Desktop\rom hacking stuf\projects\sonic sunventure\SonPLN.ini"...
Game type is S1.
Loading Options Background...
Loading palette file "/palette/Sonic.bin"...
Source: 0 Destination: 0 Length: 16
Loading dummy tile data.
Loading 8x8 tiles from file "artunc/Sonic and Miles text.bin", using compression Uncompressed...
Loading plane mappings from file "tilemaps/menubgeni.bin", using compression Enigma...
System.AggregateException: One or more errors occurred. ---> System.IO.FileNotFoundException: Palette file could not be loaded! Have you set up your disassembly properly?
   at SonicRetro.SonLVL.SonPLN.MainForm.LoadLevelPalette() in D:\Programs\SonLVL\SonPLN\MainForm.cs:line 442
   at System.Threading.Tasks.Task.InnerInvoke()
   at System.Threading.Tasks.Task.Execute()
   --- End of inner exception stack trace ---
   at System.Threading.Tasks.Task.FastWaitAll(Task[] tasks)
   at System.Threading.Tasks.Parallel.Invoke(ParallelOptions parallelOptions, Action[] actions)
   at System.Threading.Tasks.Parallel.Invoke(Action[] actions)
   at SonicRetro.SonLVL.SonPLN.MainForm.backgroundLevelLoader_DoWork(Object sender, DoWorkEventArgs e) in D:\Programs\SonLVL\SonPLN\MainForm.cs:line 323
---> (Inner Exception #0) System.IO.FileNotFoundException: Palette file could not be loaded! Have you set up your disassembly properly?
File name: '/palette/Sonic.bin'
   at SonicRetro.SonLVL.SonPLN.MainForm.LoadLevelPalette() in D:\Programs\SonLVL\SonPLN\MainForm.cs:line 442
   at System.Threading.Tasks.Task.InnerInvoke()
   at System.Threading.Tasks.Task.Execute()<---

Opening INI file "C:\Users\Sora\Desktop\rom hacking stuf\projects\sonic sunventure\SonPLN.ini"...
Game type is S1.
Loading Options Background...
Loading palette file "art/palettes/Options.bin"...
Source: 48 Destination: 0 Length: 64
Loading dummy tile data.
Loading plane mappings from file "tilemaps/menubgeni.bin", using compression Enigma...
Loading 8x8 tiles from file "artunc/Sonic and Miles text.bin", using compression Uncompressed...
System.AggregateException: One or more errors occurred. ---> System.IO.FileNotFoundException: Palette file could not be loaded! Have you set up your disassembly properly?
   at SonicRetro.SonLVL.SonPLN.MainForm.LoadLevelPalette() in D:\Programs\SonLVL\SonPLN\MainForm.cs:line 442
   at System.Threading.Tasks.Task.InnerInvoke()
   at System.Threading.Tasks.Task.Execute()
   --- End of inner exception stack trace ---
   at System.Threading.Tasks.Task.FastWaitAll(Task[] tasks)
   at System.Threading.Tasks.Parallel.Invoke(ParallelOptions parallelOptions, Action[] actions)
   at System.Threading.Tasks.Parallel.Invoke(Action[] actions)
   at SonicRetro.SonLVL.SonPLN.MainForm.backgroundLevelLoader_DoWork(Object sender, DoWorkEventArgs e) in D:\Programs\SonLVL\SonPLN\MainForm.cs:line 323
---> (Inner Exception #0) System.IO.FileNotFoundException: Palette file could not be loaded! Have you set up your disassembly properly?
File name: 'art/palettes/Options.bin'
   at SonicRetro.SonLVL.SonPLN.MainForm.LoadLevelPalette() in D:\Programs\SonLVL\SonPLN\MainForm.cs:line 442
   at System.Threading.Tasks.Task.InnerInvoke()
   at System.Threading.Tasks.Task.Execute()<---

Opening INI file "C:\Users\Sora\Desktop\rom hacking stuf\projects\sonic sunventure\SonPLN.ini"...
Game type is S1.
Loading Menu Background...
Loading palette file "art/palettes/Options.bin"...
Source: 48 Destination: 0 Length: 64
Loading dummy tile data.
Loading plane mappings from file "tilemaps/menubgeni.bin", using compression Enigma...
Loading 8x8 tiles from file "artunc/Sonic and Miles text.bin", using compression Uncompressed...
System.AggregateException: One or more errors occurred. ---> System.IO.FileNotFoundException: Palette file could not be loaded! Have you set up your disassembly properly?
   at SonicRetro.SonLVL.SonPLN.MainForm.LoadLevelPalette() in D:\Programs\SonLVL\SonPLN\MainForm.cs:line 442
   at System.Threading.Tasks.Task.InnerInvoke()
   at System.Threading.Tasks.Task.Execute()
   --- End of inner exception stack trace ---
   at System.Threading.Tasks.Task.FastWaitAll(Task[] tasks)
   at System.Threading.Tasks.Parallel.Invoke(ParallelOptions parallelOptions, Action[] actions)
   at System.Threading.Tasks.Parallel.Invoke(Action[] actions)
   at SonicRetro.SonLVL.SonPLN.MainForm.backgroundLevelLoader_DoWork(Object sender, DoWorkEventArgs e) in D:\Programs\SonLVL\SonPLN\MainForm.cs:line 323
---> (Inner Exception #0) System.IO.FileNotFoundException: Palette file could not be loaded! Have you set up your disassembly properly?
File name: 'art/palettes/Options.bin'
   at SonicRetro.SonLVL.SonPLN.MainForm.LoadLevelPalette() in D:\Programs\SonLVL\SonPLN\MainForm.cs:line 442
   at System.Threading.Tasks.Task.InnerInvoke()
   at System.Threading.Tasks.Task.Execute()<---

